C:\USERS\BENMC\DOCUMENTS\VISUAL STUDIO 2012\PROJECTS\CHECKERS\CHECKERS\DEBUG\CHECKERS.PCH
C:\USERS\BENMC\DOCUMENTS\VISUAL STUDIO 2012\PROJECTS\CHECKERS\CHECKERS\DEBUG\STDAFX.OBJ
C:\USERS\BENMC\DOCUMENTS\VISUAL STUDIO 2012\PROJECTS\CHECKERS\CHECKERS\DEBUG\VC110.PDB
C:\USERS\BENMC\DOCUMENTS\VISUAL STUDIO 2012\PROJECTS\CHECKERS\CHECKERS\DEBUG\AI.OBJ
C:\USERS\BENMC\DOCUMENTS\VISUAL STUDIO 2012\PROJECTS\CHECKERS\CHECKERS\DEBUG\BOARD.OBJ
C:\USERS\BENMC\DOCUMENTS\VISUAL STUDIO 2012\PROJECTS\CHECKERS\CHECKERS\DEBUG\CHECKERS.OBJ
C:\USERS\BENMC\DOCUMENTS\VISUAL STUDIO 2012\PROJECTS\CHECKERS\CHECKERS\DEBUG\MOVE.OBJ
C:\USERS\BENMC\DOCUMENTS\VISUAL STUDIO 2012\PROJECTS\CHECKERS\CHECKERS\DEBUG\MOVEGROUP.OBJ
C:\USERS\BENMC\DOCUMENTS\VISUAL STUDIO 2012\PROJECTS\CHECKERS\CHECKERS\DEBUG\MOVELEVEL.OBJ
C:\USERS\BENMC\DOCUMENTS\VISUAL STUDIO 2012\PROJECTS\CHECKERS\CHECKERS\DEBUG\PIECE.OBJ
C:\USERS\BENMC\DOCUMENTS\VISUAL STUDIO 2012\PROJECTS\CHECKERS\CHECKERS\DEBUG\PLAYER.OBJ
C:\USERS\BENMC\DOCUMENTS\VISUAL STUDIO 2012\PROJECTS\CHECKERS\CHECKERS\DEBUG\POSITION.OBJ
C:\USERS\BENMC\DOCUMENTS\VISUAL STUDIO 2012\PROJECTS\CHECKERS\CHECKERS\DEBUG\POSITIONGROUP.OBJ
C:\USERS\BENMC\DOCUMENTS\VISUAL STUDIO 2012\PROJECTS\CHECKERS\CHECKERS\DEBUG\PRINTBOARD.OBJ
C:\USERS\BENMC\DOCUMENTS\VISUAL STUDIO 2012\PROJECTS\CHECKERS\CHECKERS\DEBUG\CANNOTMOVEEXCEPTION.OBJ
C:\USERS\BENMC\DOCUMENTS\VISUAL STUDIO 2012\PROJECTS\CHECKERS\CHECKERS\DEBUG\UTILS.OBJ
C:\USERS\BENMC\DOCUMENTS\VISUAL STUDIO 2012\PROJECTS\CHECKERS\DEBUG\CHECKERS.ILK
C:\USERS\BENMC\DOCUMENTS\VISUAL STUDIO 2012\PROJECTS\CHECKERS\DEBUG\CHECKERS.EXE
C:\USERS\BENMC\DOCUMENTS\VISUAL STUDIO 2012\PROJECTS\CHECKERS\DEBUG\CHECKERS.PDB
C:\Users\benmc\Documents\Visual Studio 2012\Projects\Checkers\Checkers\Debug\AI.obj
C:\Users\benmc\Documents\Visual Studio 2012\Projects\Checkers\Checkers\Debug\Board.obj
C:\Users\benmc\Documents\Visual Studio 2012\Projects\Checkers\Checkers\Debug\CannotMoveException.obj
C:\Users\benmc\Documents\Visual Studio 2012\Projects\Checkers\Checkers\Debug\Checkers.obj
C:\Users\benmc\Documents\Visual Studio 2012\Projects\Checkers\Checkers\Debug\Move.obj
C:\Users\benmc\Documents\Visual Studio 2012\Projects\Checkers\Checkers\Debug\MoveGroup.obj
C:\Users\benmc\Documents\Visual Studio 2012\Projects\Checkers\Checkers\Debug\MoveLevel.obj
C:\Users\benmc\Documents\Visual Studio 2012\Projects\Checkers\Checkers\Debug\Piece.obj
C:\Users\benmc\Documents\Visual Studio 2012\Projects\Checkers\Checkers\Debug\Player.obj
C:\Users\benmc\Documents\Visual Studio 2012\Projects\Checkers\Checkers\Debug\Position.obj
C:\Users\benmc\Documents\Visual Studio 2012\Projects\Checkers\Checkers\Debug\PositionGroup.obj
C:\Users\benmc\Documents\Visual Studio 2012\Projects\Checkers\Checkers\Debug\PrintBoard.obj
C:\Users\benmc\Documents\Visual Studio 2012\Projects\Checkers\Checkers\Debug\stdafx.obj
C:\Users\benmc\Documents\Visual Studio 2012\Projects\Checkers\Checkers\Debug\Utils.obj
C:\Users\benmc\Documents\Visual Studio 2012\Projects\Checkers\Checkers\Debug\cl.command.1.tlog
C:\Users\benmc\Documents\Visual Studio 2012\Projects\Checkers\Checkers\Debug\CL.read.1.tlog
C:\Users\benmc\Documents\Visual Studio 2012\Projects\Checkers\Checkers\Debug\CL.write.1.tlog
C:\Users\benmc\Documents\Visual Studio 2012\Projects\Checkers\Checkers\Debug\link-cvtres.read.1.tlog
C:\Users\benmc\Documents\Visual Studio 2012\Projects\Checkers\Checkers\Debug\link-cvtres.write.1.tlog
C:\Users\benmc\Documents\Visual Studio 2012\Projects\Checkers\Checkers\Debug\link-rc.read.1.tlog
C:\Users\benmc\Documents\Visual Studio 2012\Projects\Checkers\Checkers\Debug\link-rc.write.1.tlog
C:\Users\benmc\Documents\Visual Studio 2012\Projects\Checkers\Checkers\Debug\link.command.1.tlog
C:\Users\benmc\Documents\Visual Studio 2012\Projects\Checkers\Checkers\Debug\link.read.1.tlog
C:\Users\benmc\Documents\Visual Studio 2012\Projects\Checkers\Checkers\Debug\link.write.1.tlog
C:\Users\benmc\Documents\Visual Studio 2012\Projects\Checkers\Checkers\Debug\Checkers.pch
C:\Users\benmc\Documents\Visual Studio 2012\Projects\Checkers\Checkers\Debug\vc110.idb
C:\Users\benmc\Documents\Visual Studio 2012\Projects\Checkers\Checkers\Debug\vc110.pdb
C:\Users\benmc\Documents\Visual Studio 2012\Projects\Checkers\Debug\Checkers.pdb
C:\Users\benmc\Documents\Visual Studio 2012\Projects\Checkers\Debug\Checkers.exe
C:\Users\benmc\Documents\Visual Studio 2012\Projects\Checkers\Debug\Checkers.ilk
