Build started 21/05/2016 10:43:04 AM.
     1>Project "C:\Users\benmc\Documents\Visual Studio 2012\Projects\Checkers\Checkers\Checkers.vcxproj" on node 2 (Build target(s)).
     1>Link:
         C:\Program Files (x86)\Microsoft Visual Studio 11.0\VC\bin\link.exe /ERRORREPORT:PROMPT /OUT:"C:\Users\benmc\Documents\Visual Studio 2012\Projects\Checkers\Debug\Checkers.exe" /INCREMENTAL /NOLOGO kernel32.lib user32.lib gdi32.lib winspool.lib comdlg32.lib advapi32.lib shell32.lib ole32.lib oleaut32.lib uuid.lib odbc32.lib odbccp32.lib /MANIFEST /MANIFESTUAC:"level='asInvoker' uiAccess='false'" /manifest:embed /DEBUG /PDB:"C:\Users\benmc\Documents\Visual Studio 2012\Projects\Checkers\Debug\Checkers.pdb" /SUBSYSTEM:CONSOLE /TLBID:1 /DYNAMICBASE /NXCOMPAT /IMPLIB:"C:\Users\benmc\Documents\Visual Studio 2012\Projects\Checkers\Debug\Checkers.lib" /MACHINE:X86 Debug\AI.obj
         Debug\Board.obj
         Debug\Checkers.obj
         Debug\Move.obj
         Debug\MoveGroup.obj
         Debug\MoveLevel.obj
         Debug\Piece.obj
         Debug\Player.obj
         Debug\Position.obj
         Debug\PositionGroup.obj
         Debug\PrintBoard.obj
         Debug\stdafx.obj
         Debug\CannotMoveException.obj
         Debug\Utils.obj
         Checkers.vcxproj -> C:\Users\benmc\Documents\Visual Studio 2012\Projects\Checkers\Debug\Checkers.exe
     1>Done Building Project "C:\Users\benmc\Documents\Visual Studio 2012\Projects\Checkers\Checkers\Checkers.vcxproj" (Build target(s)).

Build succeeded.

Time Elapsed 00:00:00.87
